<?xml version="1.0" encoding="UTF-8"?>
<testsuite xmlns:xsi="http://www.w3.org/2001/XMLSchema-instance" xsi:noNamespaceSchemaLocation="https://maven.apache.org/surefire/maven-surefire-plugin/xsd/surefire-test-report-3.0.xsd" version="3.0" name="org.mousephenotype.impcsolrdocumentation.documenTestClases.MpDocumentationTest" time="0.037" tests="1" errors="0" skipped="0" failures="0">
  <properties>
    <property name="java.specification.version" value="21"/>
    <property name="sun.jnu.encoding" value="UTF-8"/>
    <property name="java.class.path" value="/Users/ogunes/Documents/impc-solr-documentation/target/test-classes:/Users/ogunes/Documents/impc-solr-documentation/target/classes:/Users/ogunes/.m2/repository/org/springframework/boot/spring-boot-starter/3.2.4/spring-boot-starter-3.2.4.jar:/Users/ogunes/.m2/repository/org/springframework/boot/spring-boot/3.2.4/spring-boot-3.2.4.jar:/Users/ogunes/.m2/repository/org/springframework/spring-context/6.1.5/spring-context-6.1.5.jar:/Users/ogunes/.m2/repository/org/springframework/boot/spring-boot-autoconfigure/3.2.4/spring-boot-autoconfigure-3.2.4.jar:/Users/ogunes/.m2/repository/org/springframework/boot/spring-boot-starter-logging/3.2.4/spring-boot-starter-logging-3.2.4.jar:/Users/ogunes/.m2/repository/ch/qos/logback/logback-classic/1.4.14/logback-classic-1.4.14.jar:/Users/ogunes/.m2/repository/ch/qos/logback/logback-core/1.4.14/logback-core-1.4.14.jar:/Users/ogunes/.m2/repository/org/apache/logging/log4j/log4j-to-slf4j/2.21.1/log4j-to-slf4j-2.21.1.jar:/Users/ogunes/.m2/repository/org/apache/logging/log4j/log4j-api/2.21.1/log4j-api-2.21.1.jar:/Users/ogunes/.m2/repository/org/slf4j/jul-to-slf4j/2.0.12/jul-to-slf4j-2.0.12.jar:/Users/ogunes/.m2/repository/jakarta/annotation/jakarta.annotation-api/2.1.1/jakarta.annotation-api-2.1.1.jar:/Users/ogunes/.m2/repository/org/springframework/spring-core/6.1.5/spring-core-6.1.5.jar:/Users/ogunes/.m2/repository/org/springframework/spring-jcl/6.1.5/spring-jcl-6.1.5.jar:/Users/ogunes/.m2/repository/org/yaml/snakeyaml/2.2/snakeyaml-2.2.jar:/Users/ogunes/.m2/repository/org/springframework/boot/spring-boot-starter-test/3.2.4/spring-boot-starter-test-3.2.4.jar:/Users/ogunes/.m2/repository/org/springframework/boot/spring-boot-test/3.2.4/spring-boot-test-3.2.4.jar:/Users/ogunes/.m2/repository/org/springframework/boot/spring-boot-test-autoconfigure/3.2.4/spring-boot-test-autoconfigure-3.2.4.jar:/Users/ogunes/.m2/repository/com/jayway/jsonpath/json-path/2.9.0/json-path-2.9.0.jar:/Users/ogunes/.m2/repository/org/slf4j/slf4j-api/2.0.12/slf4j-api-2.0.12.jar:/Users/ogunes/.m2/repository/jakarta/xml/bind/jakarta.xml.bind-api/4.0.2/jakarta.xml.bind-api-4.0.2.jar:/Users/ogunes/.m2/repository/jakarta/activation/jakarta.activation-api/2.1.3/jakarta.activation-api-2.1.3.jar:/Users/ogunes/.m2/repository/net/minidev/json-smart/2.5.0/json-smart-2.5.0.jar:/Users/ogunes/.m2/repository/net/minidev/accessors-smart/2.5.0/accessors-smart-2.5.0.jar:/Users/ogunes/.m2/repository/org/ow2/asm/asm/9.3/asm-9.3.jar:/Users/ogunes/.m2/repository/org/assertj/assertj-core/3.24.2/assertj-core-3.24.2.jar:/Users/ogunes/.m2/repository/net/bytebuddy/byte-buddy/1.14.12/byte-buddy-1.14.12.jar:/Users/ogunes/.m2/repository/org/awaitility/awaitility/4.2.0/awaitility-4.2.0.jar:/Users/ogunes/.m2/repository/org/hamcrest/hamcrest/2.2/hamcrest-2.2.jar:/Users/ogunes/.m2/repository/org/junit/jupiter/junit-jupiter/5.10.2/junit-jupiter-5.10.2.jar:/Users/ogunes/.m2/repository/org/junit/jupiter/junit-jupiter-api/5.10.2/junit-jupiter-api-5.10.2.jar:/Users/ogunes/.m2/repository/org/opentest4j/opentest4j/1.3.0/opentest4j-1.3.0.jar:/Users/ogunes/.m2/repository/org/junit/platform/junit-platform-commons/1.10.2/junit-platform-commons-1.10.2.jar:/Users/ogunes/.m2/repository/org/apiguardian/apiguardian-api/1.1.2/apiguardian-api-1.1.2.jar:/Users/ogunes/.m2/repository/org/junit/jupiter/junit-jupiter-params/5.10.2/junit-jupiter-params-5.10.2.jar:/Users/ogunes/.m2/repository/org/junit/jupiter/junit-jupiter-engine/5.10.2/junit-jupiter-engine-5.10.2.jar:/Users/ogunes/.m2/repository/org/junit/platform/junit-platform-engine/1.10.2/junit-platform-engine-1.10.2.jar:/Users/ogunes/.m2/repository/org/mockito/mockito-core/5.7.0/mockito-core-5.7.0.jar:/Users/ogunes/.m2/repository/net/bytebuddy/byte-buddy-agent/1.14.12/byte-buddy-agent-1.14.12.jar:/Users/ogunes/.m2/repository/org/objenesis/objenesis/3.3/objenesis-3.3.jar:/Users/ogunes/.m2/repository/org/mockito/mockito-junit-jupiter/5.7.0/mockito-junit-jupiter-5.7.0.jar:/Users/ogunes/.m2/repository/org/skyscreamer/jsonassert/1.5.1/jsonassert-1.5.1.jar:/Users/ogunes/.m2/repository/com/vaadin/external/google/android-json/0.0.20131108.vaadin1/android-json-0.0.20131108.vaadin1.jar:/Users/ogunes/.m2/repository/org/springframework/spring-test/6.1.5/spring-test-6.1.5.jar:/Users/ogunes/.m2/repository/org/xmlunit/xmlunit-core/2.9.1/xmlunit-core-2.9.1.jar:/Users/ogunes/.m2/repository/org/springframework/boot/spring-boot-starter-web/3.2.4/spring-boot-starter-web-3.2.4.jar:/Users/ogunes/.m2/repository/org/springframework/boot/spring-boot-starter-json/3.2.4/spring-boot-starter-json-3.2.4.jar:/Users/ogunes/.m2/repository/com/fasterxml/jackson/core/jackson-databind/2.15.4/jackson-databind-2.15.4.jar:/Users/ogunes/.m2/repository/com/fasterxml/jackson/core/jackson-annotations/2.15.4/jackson-annotations-2.15.4.jar:/Users/ogunes/.m2/repository/com/fasterxml/jackson/core/jackson-core/2.15.4/jackson-core-2.15.4.jar:/Users/ogunes/.m2/repository/com/fasterxml/jackson/datatype/jackson-datatype-jdk8/2.15.4/jackson-datatype-jdk8-2.15.4.jar:/Users/ogunes/.m2/repository/com/fasterxml/jackson/datatype/jackson-datatype-jsr310/2.15.4/jackson-datatype-jsr310-2.15.4.jar:/Users/ogunes/.m2/repository/com/fasterxml/jackson/module/jackson-module-parameter-names/2.15.4/jackson-module-parameter-names-2.15.4.jar:/Users/ogunes/.m2/repository/org/springframework/boot/spring-boot-starter-tomcat/3.2.4/spring-boot-starter-tomcat-3.2.4.jar:/Users/ogunes/.m2/repository/org/apache/tomcat/embed/tomcat-embed-core/10.1.19/tomcat-embed-core-10.1.19.jar:/Users/ogunes/.m2/repository/org/apache/tomcat/embed/tomcat-embed-el/10.1.19/tomcat-embed-el-10.1.19.jar:/Users/ogunes/.m2/repository/org/apache/tomcat/embed/tomcat-embed-websocket/10.1.19/tomcat-embed-websocket-10.1.19.jar:/Users/ogunes/.m2/repository/org/springframework/spring-web/6.1.5/spring-web-6.1.5.jar:/Users/ogunes/.m2/repository/org/springframework/spring-beans/6.1.5/spring-beans-6.1.5.jar:/Users/ogunes/.m2/repository/io/micrometer/micrometer-observation/1.12.4/micrometer-observation-1.12.4.jar:/Users/ogunes/.m2/repository/io/micrometer/micrometer-commons/1.12.4/micrometer-commons-1.12.4.jar:/Users/ogunes/.m2/repository/org/springframework/spring-webmvc/6.1.5/spring-webmvc-6.1.5.jar:/Users/ogunes/.m2/repository/org/springframework/spring-aop/6.1.5/spring-aop-6.1.5.jar:/Users/ogunes/.m2/repository/org/springframework/spring-expression/6.1.5/spring-expression-6.1.5.jar:/Users/ogunes/.m2/repository/org/springframework/restdocs/spring-restdocs-mockmvc/3.0.1/spring-restdocs-mockmvc-3.0.1.jar:/Users/ogunes/.m2/repository/org/springframework/restdocs/spring-restdocs-core/3.0.1/spring-restdocs-core-3.0.1.jar:/Users/ogunes/.m2/repository/jakarta/servlet/jakarta.servlet-api/6.0.0/jakarta.servlet-api-6.0.0.jar:/Users/ogunes/.m2/repository/org/projectlombok/lombok/1.18.30/lombok-1.18.30.jar:/Users/ogunes/.m2/repository/junit/junit/4.13.2/junit-4.13.2.jar:/Users/ogunes/.m2/repository/org/hamcrest/hamcrest-core/2.2/hamcrest-core-2.2.jar:"/>
    <property name="java.vm.vendor" value="Oracle Corporation"/>
    <property name="sun.arch.data.model" value="64"/>
    <property name="java.vendor.url" value="https://java.oracle.com/"/>
    <property name="user.timezone" value="Europe/London"/>
    <property name="os.name" value="Mac OS X"/>
    <property name="java.vm.specification.version" value="21"/>
    <property name="sun.java.launcher" value="SUN_STANDARD"/>
    <property name="user.country" value="GB"/>
    <property name="sun.boot.library.path" value="/Users/ogunes/Library/Java/JavaVirtualMachines/openjdk-21.0.1/Contents/Home/lib"/>
    <property name="sun.java.command" value="/Users/ogunes/Documents/impc-solr-documentation/target/surefire/surefirebooter-20240513144149581_3.jar /Users/ogunes/Documents/impc-solr-documentation/target/surefire 2024-05-13T14-41-49_547-jvmRun1 surefire-20240513144149581_1tmp surefire_0-20240513144149581_2tmp"/>
    <property name="jdk.debug" value="release"/>
    <property name="surefire.test.class.path" value="/Users/ogunes/Documents/impc-solr-documentation/target/test-classes:/Users/ogunes/Documents/impc-solr-documentation/target/classes:/Users/ogunes/.m2/repository/org/springframework/boot/spring-boot-starter/3.2.4/spring-boot-starter-3.2.4.jar:/Users/ogunes/.m2/repository/org/springframework/boot/spring-boot/3.2.4/spring-boot-3.2.4.jar:/Users/ogunes/.m2/repository/org/springframework/spring-context/6.1.5/spring-context-6.1.5.jar:/Users/ogunes/.m2/repository/org/springframework/boot/spring-boot-autoconfigure/3.2.4/spring-boot-autoconfigure-3.2.4.jar:/Users/ogunes/.m2/repository/org/springframework/boot/spring-boot-starter-logging/3.2.4/spring-boot-starter-logging-3.2.4.jar:/Users/ogunes/.m2/repository/ch/qos/logback/logback-classic/1.4.14/logback-classic-1.4.14.jar:/Users/ogunes/.m2/repository/ch/qos/logback/logback-core/1.4.14/logback-core-1.4.14.jar:/Users/ogunes/.m2/repository/org/apache/logging/log4j/log4j-to-slf4j/2.21.1/log4j-to-slf4j-2.21.1.jar:/Users/ogunes/.m2/repository/org/apache/logging/log4j/log4j-api/2.21.1/log4j-api-2.21.1.jar:/Users/ogunes/.m2/repository/org/slf4j/jul-to-slf4j/2.0.12/jul-to-slf4j-2.0.12.jar:/Users/ogunes/.m2/repository/jakarta/annotation/jakarta.annotation-api/2.1.1/jakarta.annotation-api-2.1.1.jar:/Users/ogunes/.m2/repository/org/springframework/spring-core/6.1.5/spring-core-6.1.5.jar:/Users/ogunes/.m2/repository/org/springframework/spring-jcl/6.1.5/spring-jcl-6.1.5.jar:/Users/ogunes/.m2/repository/org/yaml/snakeyaml/2.2/snakeyaml-2.2.jar:/Users/ogunes/.m2/repository/org/springframework/boot/spring-boot-starter-test/3.2.4/spring-boot-starter-test-3.2.4.jar:/Users/ogunes/.m2/repository/org/springframework/boot/spring-boot-test/3.2.4/spring-boot-test-3.2.4.jar:/Users/ogunes/.m2/repository/org/springframework/boot/spring-boot-test-autoconfigure/3.2.4/spring-boot-test-autoconfigure-3.2.4.jar:/Users/ogunes/.m2/repository/com/jayway/jsonpath/json-path/2.9.0/json-path-2.9.0.jar:/Users/ogunes/.m2/repository/org/slf4j/slf4j-api/2.0.12/slf4j-api-2.0.12.jar:/Users/ogunes/.m2/repository/jakarta/xml/bind/jakarta.xml.bind-api/4.0.2/jakarta.xml.bind-api-4.0.2.jar:/Users/ogunes/.m2/repository/jakarta/activation/jakarta.activation-api/2.1.3/jakarta.activation-api-2.1.3.jar:/Users/ogunes/.m2/repository/net/minidev/json-smart/2.5.0/json-smart-2.5.0.jar:/Users/ogunes/.m2/repository/net/minidev/accessors-smart/2.5.0/accessors-smart-2.5.0.jar:/Users/ogunes/.m2/repository/org/ow2/asm/asm/9.3/asm-9.3.jar:/Users/ogunes/.m2/repository/org/assertj/assertj-core/3.24.2/assertj-core-3.24.2.jar:/Users/ogunes/.m2/repository/net/bytebuddy/byte-buddy/1.14.12/byte-buddy-1.14.12.jar:/Users/ogunes/.m2/repository/org/awaitility/awaitility/4.2.0/awaitility-4.2.0.jar:/Users/ogunes/.m2/repository/org/hamcrest/hamcrest/2.2/hamcrest-2.2.jar:/Users/ogunes/.m2/repository/org/junit/jupiter/junit-jupiter/5.10.2/junit-jupiter-5.10.2.jar:/Users/ogunes/.m2/repository/org/junit/jupiter/junit-jupiter-api/5.10.2/junit-jupiter-api-5.10.2.jar:/Users/ogunes/.m2/repository/org/opentest4j/opentest4j/1.3.0/opentest4j-1.3.0.jar:/Users/ogunes/.m2/repository/org/junit/platform/junit-platform-commons/1.10.2/junit-platform-commons-1.10.2.jar:/Users/ogunes/.m2/repository/org/apiguardian/apiguardian-api/1.1.2/apiguardian-api-1.1.2.jar:/Users/ogunes/.m2/repository/org/junit/jupiter/junit-jupiter-params/5.10.2/junit-jupiter-params-5.10.2.jar:/Users/ogunes/.m2/repository/org/junit/jupiter/junit-jupiter-engine/5.10.2/junit-jupiter-engine-5.10.2.jar:/Users/ogunes/.m2/repository/org/junit/platform/junit-platform-engine/1.10.2/junit-platform-engine-1.10.2.jar:/Users/ogunes/.m2/repository/org/mockito/mockito-core/5.7.0/mockito-core-5.7.0.jar:/Users/ogunes/.m2/repository/net/bytebuddy/byte-buddy-agent/1.14.12/byte-buddy-agent-1.14.12.jar:/Users/ogunes/.m2/repository/org/objenesis/objenesis/3.3/objenesis-3.3.jar:/Users/ogunes/.m2/repository/org/mockito/mockito-junit-jupiter/5.7.0/mockito-junit-jupiter-5.7.0.jar:/Users/ogunes/.m2/repository/org/skyscreamer/jsonassert/1.5.1/jsonassert-1.5.1.jar:/Users/ogunes/.m2/repository/com/vaadin/external/google/android-json/0.0.20131108.vaadin1/android-json-0.0.20131108.vaadin1.jar:/Users/ogunes/.m2/repository/org/springframework/spring-test/6.1.5/spring-test-6.1.5.jar:/Users/ogunes/.m2/repository/org/xmlunit/xmlunit-core/2.9.1/xmlunit-core-2.9.1.jar:/Users/ogunes/.m2/repository/org/springframework/boot/spring-boot-starter-web/3.2.4/spring-boot-starter-web-3.2.4.jar:/Users/ogunes/.m2/repository/org/springframework/boot/spring-boot-starter-json/3.2.4/spring-boot-starter-json-3.2.4.jar:/Users/ogunes/.m2/repository/com/fasterxml/jackson/core/jackson-databind/2.15.4/jackson-databind-2.15.4.jar:/Users/ogunes/.m2/repository/com/fasterxml/jackson/core/jackson-annotations/2.15.4/jackson-annotations-2.15.4.jar:/Users/ogunes/.m2/repository/com/fasterxml/jackson/core/jackson-core/2.15.4/jackson-core-2.15.4.jar:/Users/ogunes/.m2/repository/com/fasterxml/jackson/datatype/jackson-datatype-jdk8/2.15.4/jackson-datatype-jdk8-2.15.4.jar:/Users/ogunes/.m2/repository/com/fasterxml/jackson/datatype/jackson-datatype-jsr310/2.15.4/jackson-datatype-jsr310-2.15.4.jar:/Users/ogunes/.m2/repository/com/fasterxml/jackson/module/jackson-module-parameter-names/2.15.4/jackson-module-parameter-names-2.15.4.jar:/Users/ogunes/.m2/repository/org/springframework/boot/spring-boot-starter-tomcat/3.2.4/spring-boot-starter-tomcat-3.2.4.jar:/Users/ogunes/.m2/repository/org/apache/tomcat/embed/tomcat-embed-core/10.1.19/tomcat-embed-core-10.1.19.jar:/Users/ogunes/.m2/repository/org/apache/tomcat/embed/tomcat-embed-el/10.1.19/tomcat-embed-el-10.1.19.jar:/Users/ogunes/.m2/repository/org/apache/tomcat/embed/tomcat-embed-websocket/10.1.19/tomcat-embed-websocket-10.1.19.jar:/Users/ogunes/.m2/repository/org/springframework/spring-web/6.1.5/spring-web-6.1.5.jar:/Users/ogunes/.m2/repository/org/springframework/spring-beans/6.1.5/spring-beans-6.1.5.jar:/Users/ogunes/.m2/repository/io/micrometer/micrometer-observation/1.12.4/micrometer-observation-1.12.4.jar:/Users/ogunes/.m2/repository/io/micrometer/micrometer-commons/1.12.4/micrometer-commons-1.12.4.jar:/Users/ogunes/.m2/repository/org/springframework/spring-webmvc/6.1.5/spring-webmvc-6.1.5.jar:/Users/ogunes/.m2/repository/org/springframework/spring-aop/6.1.5/spring-aop-6.1.5.jar:/Users/ogunes/.m2/repository/org/springframework/spring-expression/6.1.5/spring-expression-6.1.5.jar:/Users/ogunes/.m2/repository/org/springframework/restdocs/spring-restdocs-mockmvc/3.0.1/spring-restdocs-mockmvc-3.0.1.jar:/Users/ogunes/.m2/repository/org/springframework/restdocs/spring-restdocs-core/3.0.1/spring-restdocs-core-3.0.1.jar:/Users/ogunes/.m2/repository/jakarta/servlet/jakarta.servlet-api/6.0.0/jakarta.servlet-api-6.0.0.jar:/Users/ogunes/.m2/repository/org/projectlombok/lombok/1.18.30/lombok-1.18.30.jar:/Users/ogunes/.m2/repository/junit/junit/4.13.2/junit-4.13.2.jar:/Users/ogunes/.m2/repository/org/hamcrest/hamcrest-core/2.2/hamcrest-core-2.2.jar:"/>
    <property name="sun.cpu.endian" value="little"/>
    <property name="user.home" value="/Users/ogunes"/>
    <property name="user.language" value="en"/>
    <property name="java.specification.vendor" value="Oracle Corporation"/>
    <property name="java.version.date" value="2023-10-17"/>
    <property name="java.home" value="/Users/ogunes/Library/Java/JavaVirtualMachines/openjdk-21.0.1/Contents/Home"/>
    <property name="file.separator" value="/"/>
    <property name="basedir" value="/Users/ogunes/Documents/impc-solr-documentation"/>
    <property name="java.vm.compressedOopsMode" value="Zero based"/>
    <property name="line.separator" value="&#10;"/>
    <property name="java.vm.specification.vendor" value="Oracle Corporation"/>
    <property name="java.specification.name" value="Java Platform API Specification"/>
    <property name="FILE_LOG_CHARSET" value="UTF-8"/>
    <property name="java.awt.headless" value="true"/>
    <property name="apple.awt.application.name" value="ForkedBooter"/>
    <property name="surefire.real.class.path" value="/Users/ogunes/Documents/impc-solr-documentation/target/surefire/surefirebooter-20240513144149581_3.jar"/>
    <property name="sun.management.compiler" value="HotSpot 64-Bit Tiered Compilers"/>
    <property name="java.runtime.version" value="21.0.1+12-29"/>
    <property name="user.name" value="ogunes"/>
    <property name="stdout.encoding" value="UTF-8"/>
    <property name="path.separator" value=":"/>
    <property name="os.version" value="14.4.1"/>
    <property name="java.runtime.name" value="OpenJDK Runtime Environment"/>
    <property name="file.encoding" value="UTF-8"/>
    <property name="java.vm.name" value="OpenJDK 64-Bit Server VM"/>
    <property name="localRepository" value="/Users/ogunes/.m2/repository"/>
    <property name="java.vendor.url.bug" value="https://bugreport.java.com/bugreport/"/>
    <property name="java.io.tmpdir" value="/var/folders/v4/mrky_2055bsdb7hc5n9g6hvr0000gp/T/"/>
    <property name="idea.version" value="2023.3.6"/>
    <property name="java.version" value="21.0.1"/>
    <property name="user.dir" value="/Users/ogunes/Documents/impc-solr-documentation"/>
    <property name="os.arch" value="aarch64"/>
    <property name="java.vm.specification.name" value="Java Virtual Machine Specification"/>
    <property name="PID" value="87252"/>
    <property name="CONSOLE_LOG_CHARSET" value="UTF-8"/>
    <property name="native.encoding" value="UTF-8"/>
    <property name="java.library.path" value="/Users/ogunes/Library/Java/Extensions:/Library/Java/Extensions:/Network/Library/Java/Extensions:/System/Library/Java/Extensions:/usr/lib/java:."/>
    <property name="java.vm.info" value="mixed mode, sharing"/>
    <property name="stderr.encoding" value="UTF-8"/>
    <property name="java.vendor" value="Oracle Corporation"/>
    <property name="java.vm.version" value="21.0.1+12-29"/>
    <property name="sun.io.unicode.encoding" value="UnicodeBig"/>
    <property name="java.class.version" value="65.0"/>
  </properties>
  <testcase name="documentMp" classname="org.mousephenotype.impcsolrdocumentation.documenTestClases.MpDocumentationTest" time="0.033">
    <system-out><![CDATA[2024-05-13T14:41:51.001+01:00  INFO 87252 --- [           main] o.s.b.t.m.w.SpringBootMockServletContext : Initializing Spring TestDispatcherServlet ''
2024-05-13T14:41:51.001+01:00  INFO 87252 --- [           main] o.s.t.web.servlet.TestDispatcherServlet  : Initializing Servlet ''
2024-05-13T14:41:51.001+01:00  INFO 87252 --- [           main] o.s.t.web.servlet.TestDispatcherServlet  : Completed initialization in 0 ms

MockHttpServletRequest:
      HTTP Method = GET
      Request URI = /getMpDoc
       Parameters = {}
          Headers = [Content-Type:"application/json"]
             Body = <no character encoding set>
    Session Attrs = {}

Handler:
             Type = org.mousephenotype.impcsolrdocumentation.conroller.DocumentController
           Method = org.mousephenotype.impcsolrdocumentation.conroller.DocumentController#getMp()

Async:
    Async started = false
     Async result = null

Resolved Exception:
             Type = null

ModelAndView:
        View name = null
             View = null
            Model = null

FlashMap:
       Attributes = null

MockHttpServletResponse:
           Status = 200
    Error message = null
          Headers = [Content-Type:"application/json"]
     Content type = application/json
             Body = {"mp_id":"MP:0000001","mp_term":"example MP term","mp_definition":"An example definition of the MP term.","mp_term_synonym":["synonym1","synonym2"],"alt_mp_id":["MP:0000002","MP:0000003"],"child_mp_id":["MP:0000004"],"child_mp_term":["child term"],"parent_mp_id":["MP:0000005"],"parent_mp_term":["parent term"],"intermediate_mp_id":["MP:0000006"],"intermediate_mp_term":["intermediate term"],"top_level_mp_id":["MP:0000007"],"top_level_mp_term":["top level term"],"top_level_mp_term_synonym":["top level synonym"],"top_level_mp_term_id":["MP:0000008"],"hp_id":["HP:0000001"],"hp_term":["example HP term"],"hp_term_synonym":["HP synonym1","HP synonym2"],"data_type":"example data type","inferred_ma_id":["MA:0000001"],"inferred_ma_term":["inferred MA term"],"inferred_intermediate_ma_id":["MA:0000002"],"inferred_intermediate_ma_term":["intermediate MA term"],"inferred_selected_top_level_ma_id":["MA:0000003"],"inferred_selected_top_level_ma_term":["selected top level MA term"],"go_id":["GO:0000001"],"p_value":[0.01,0.05],"mgi_accession_id":["MGI:0000001"],"marker_symbol":["Gene1","Gene2"],"marker_accession_id":"MGI:0000002","pheno_calls":42,"preqc_gene_id":["Gene3","Gene4"],"marker_name":["Gene name 1","Gene name 2"],"marker_synonym":["Gene synonym 1","Gene synonym 2"],"marker_type":["type 1","type 2"],"human_gene_symbol":["HumanGene1","HumanGene2"],"status":["status1","status2"],"imits_phenotype_started":["started1","started2"],"imits_phenotype_complete":["complete1","complete2"],"imits_phenotype_status":["status1","status2"],"latest_production_centre":["centre1","centre2"],"latest_phenotyping_centre":["centre3","centre4"],"latest_phenotype_status":["status3","status4"],"legacy_phenotype_status":1,"allele_name":["Allele1"],"embryo_data_available":true,"type":["type3","type4"],"disease_id":["Disease1","Disease2"],"disease_source":["source1","source2"],"disease_term":["disease term 1","disease term 2"],"disease_alts":["alt1","alt2"],"disease_classes":["class1","class2"],"human_curated":[false,true],"mouse_curated":[true,false],"mgi_predicted":[false],"impc_predicted":[true],"mgi_predicted_known_gene":[true],"impc_predicted_known_gene":[false],"mgi_novel_predicted_in_locus":[true],"impc_novel_predicted_in_locus":[false],"annotation_term_id":["Term1","Term2"],"annotation_term_name":["Annotation term name 1","Annotation term name 2"],"name":["name1","name2"],"accession":["Accession1","Accession2"],"exp_name":["Exp name 1","Exp name 2"],"large_thumbnail_file_path":"/path/to/large/thumbnail","small_thumbnail_file_path":"/path/to/small/thumbnail","symbol":["Symbol1","Symbol2"],"sanger_symbol":["Sanger1","Sanger2"],"gene_name":["Gene name 3","Gene name 4"],"subtype":["subtype1","subtype2"],"gene_synonyms":["Gene synonym 3","Gene synonym 4"],"exp_name_exp":["Exp name 3","Exp name 4"],"symbol_gene":["SymbolGene1","SymbolGene2"],"top_level":["TopLevel1","TopLevel2"],"allele_symbol":["Allele symbol 1","Allele symbol 2"],"allele_id":["Allele ID 1","Allele ID 2"],"strain_name":["Strain name 1","Strain name 2"],"strain_accession_id":["Strain accession ID 1","Strain accession ID 2"],"pipeline_name":["Pipeline name 1","Pipeline name 2"],"pipeline_stable_id":["Pipeline stable ID 1","Pipeline stable ID 2"],"pipeline_stable_key":["Pipeline stable key 1","Pipeline stable key 2"],"procedure_name":["Procedure name 1","Procedure name 2"],"procedure_stable_id":["Procedure stable ID 1","Procedure stable ID 2"],"procedure_stable_key":["Procedure stable key 1","Procedure stable key 2"],"parameter_name":["Parameter name 1","Parameter name 2"],"parameter_stable_id":["Parameter stable ID 1","Parameter stable ID 2"],"parameter_stable_key":["Parameter stable key 1","Parameter stable key 2"],"text":["Example text 1","Example text 2"],"auto_suggest":["Suggest 1","Suggest 2"],"mix_syn_qf":["Mix synonym 1","Mix synonym 2"],"search_term_json":"{\"searchTerm\":\"Example search term\"}","children_json":"[{\"childId\":\"C1\", \"childName\":\"Child 1\"}, {\"childId\":\"C2\", \"childName\":\"Child 2\"}]","scroll_node":"ScrollNodeExample","gene_variant_male_count":100,"gene_variant_female_count":150,"gene_variant_count":250}
    Forwarded URL = null
   Redirected URL = null
          Cookies = []
]]></system-out>
  </testcase>
</testsuite>