<?xml version="1.0" encoding="UTF-8"?>
<testsuite xmlns:xsi="http://www.w3.org/2001/XMLSchema-instance" xsi:noNamespaceSchemaLocation="https://maven.apache.org/surefire/maven-surefire-plugin/xsd/surefire-test-report-3.0.xsd" version="3.0" name="org.mousephenotype.impcsolrdocumentation.documenTestClases.EssentialGenesDocumentationTest" time="0.05" tests="1" errors="0" skipped="0" failures="0">
  <properties>
    <property name="java.specification.version" value="21"/>
    <property name="sun.jnu.encoding" value="UTF-8"/>
    <property name="java.class.path" value="/Users/ogunes/Documents/impc-solr-documentation/target/test-classes:/Users/ogunes/Documents/impc-solr-documentation/target/classes:/Users/ogunes/.m2/repository/org/springframework/boot/spring-boot-starter/3.2.4/spring-boot-starter-3.2.4.jar:/Users/ogunes/.m2/repository/org/springframework/boot/spring-boot/3.2.4/spring-boot-3.2.4.jar:/Users/ogunes/.m2/repository/org/springframework/spring-context/6.1.5/spring-context-6.1.5.jar:/Users/ogunes/.m2/repository/org/springframework/boot/spring-boot-autoconfigure/3.2.4/spring-boot-autoconfigure-3.2.4.jar:/Users/ogunes/.m2/repository/org/springframework/boot/spring-boot-starter-logging/3.2.4/spring-boot-starter-logging-3.2.4.jar:/Users/ogunes/.m2/repository/ch/qos/logback/logback-classic/1.4.14/logback-classic-1.4.14.jar:/Users/ogunes/.m2/repository/ch/qos/logback/logback-core/1.4.14/logback-core-1.4.14.jar:/Users/ogunes/.m2/repository/org/apache/logging/log4j/log4j-to-slf4j/2.21.1/log4j-to-slf4j-2.21.1.jar:/Users/ogunes/.m2/repository/org/apache/logging/log4j/log4j-api/2.21.1/log4j-api-2.21.1.jar:/Users/ogunes/.m2/repository/org/slf4j/jul-to-slf4j/2.0.12/jul-to-slf4j-2.0.12.jar:/Users/ogunes/.m2/repository/jakarta/annotation/jakarta.annotation-api/2.1.1/jakarta.annotation-api-2.1.1.jar:/Users/ogunes/.m2/repository/org/springframework/spring-core/6.1.5/spring-core-6.1.5.jar:/Users/ogunes/.m2/repository/org/springframework/spring-jcl/6.1.5/spring-jcl-6.1.5.jar:/Users/ogunes/.m2/repository/org/yaml/snakeyaml/2.2/snakeyaml-2.2.jar:/Users/ogunes/.m2/repository/org/springframework/boot/spring-boot-starter-test/3.2.4/spring-boot-starter-test-3.2.4.jar:/Users/ogunes/.m2/repository/org/springframework/boot/spring-boot-test/3.2.4/spring-boot-test-3.2.4.jar:/Users/ogunes/.m2/repository/org/springframework/boot/spring-boot-test-autoconfigure/3.2.4/spring-boot-test-autoconfigure-3.2.4.jar:/Users/ogunes/.m2/repository/com/jayway/jsonpath/json-path/2.9.0/json-path-2.9.0.jar:/Users/ogunes/.m2/repository/org/slf4j/slf4j-api/2.0.12/slf4j-api-2.0.12.jar:/Users/ogunes/.m2/repository/jakarta/xml/bind/jakarta.xml.bind-api/4.0.2/jakarta.xml.bind-api-4.0.2.jar:/Users/ogunes/.m2/repository/jakarta/activation/jakarta.activation-api/2.1.3/jakarta.activation-api-2.1.3.jar:/Users/ogunes/.m2/repository/net/minidev/json-smart/2.5.0/json-smart-2.5.0.jar:/Users/ogunes/.m2/repository/net/minidev/accessors-smart/2.5.0/accessors-smart-2.5.0.jar:/Users/ogunes/.m2/repository/org/ow2/asm/asm/9.3/asm-9.3.jar:/Users/ogunes/.m2/repository/org/assertj/assertj-core/3.24.2/assertj-core-3.24.2.jar:/Users/ogunes/.m2/repository/net/bytebuddy/byte-buddy/1.14.12/byte-buddy-1.14.12.jar:/Users/ogunes/.m2/repository/org/awaitility/awaitility/4.2.0/awaitility-4.2.0.jar:/Users/ogunes/.m2/repository/org/hamcrest/hamcrest/2.2/hamcrest-2.2.jar:/Users/ogunes/.m2/repository/org/junit/jupiter/junit-jupiter/5.10.2/junit-jupiter-5.10.2.jar:/Users/ogunes/.m2/repository/org/junit/jupiter/junit-jupiter-api/5.10.2/junit-jupiter-api-5.10.2.jar:/Users/ogunes/.m2/repository/org/opentest4j/opentest4j/1.3.0/opentest4j-1.3.0.jar:/Users/ogunes/.m2/repository/org/junit/platform/junit-platform-commons/1.10.2/junit-platform-commons-1.10.2.jar:/Users/ogunes/.m2/repository/org/apiguardian/apiguardian-api/1.1.2/apiguardian-api-1.1.2.jar:/Users/ogunes/.m2/repository/org/junit/jupiter/junit-jupiter-params/5.10.2/junit-jupiter-params-5.10.2.jar:/Users/ogunes/.m2/repository/org/junit/jupiter/junit-jupiter-engine/5.10.2/junit-jupiter-engine-5.10.2.jar:/Users/ogunes/.m2/repository/org/junit/platform/junit-platform-engine/1.10.2/junit-platform-engine-1.10.2.jar:/Users/ogunes/.m2/repository/org/mockito/mockito-core/5.7.0/mockito-core-5.7.0.jar:/Users/ogunes/.m2/repository/net/bytebuddy/byte-buddy-agent/1.14.12/byte-buddy-agent-1.14.12.jar:/Users/ogunes/.m2/repository/org/objenesis/objenesis/3.3/objenesis-3.3.jar:/Users/ogunes/.m2/repository/org/mockito/mockito-junit-jupiter/5.7.0/mockito-junit-jupiter-5.7.0.jar:/Users/ogunes/.m2/repository/org/skyscreamer/jsonassert/1.5.1/jsonassert-1.5.1.jar:/Users/ogunes/.m2/repository/com/vaadin/external/google/android-json/0.0.20131108.vaadin1/android-json-0.0.20131108.vaadin1.jar:/Users/ogunes/.m2/repository/org/springframework/spring-test/6.1.5/spring-test-6.1.5.jar:/Users/ogunes/.m2/repository/org/xmlunit/xmlunit-core/2.9.1/xmlunit-core-2.9.1.jar:/Users/ogunes/.m2/repository/org/springframework/boot/spring-boot-starter-web/3.2.4/spring-boot-starter-web-3.2.4.jar:/Users/ogunes/.m2/repository/org/springframework/boot/spring-boot-starter-json/3.2.4/spring-boot-starter-json-3.2.4.jar:/Users/ogunes/.m2/repository/com/fasterxml/jackson/core/jackson-databind/2.15.4/jackson-databind-2.15.4.jar:/Users/ogunes/.m2/repository/com/fasterxml/jackson/core/jackson-annotations/2.15.4/jackson-annotations-2.15.4.jar:/Users/ogunes/.m2/repository/com/fasterxml/jackson/core/jackson-core/2.15.4/jackson-core-2.15.4.jar:/Users/ogunes/.m2/repository/com/fasterxml/jackson/datatype/jackson-datatype-jdk8/2.15.4/jackson-datatype-jdk8-2.15.4.jar:/Users/ogunes/.m2/repository/com/fasterxml/jackson/datatype/jackson-datatype-jsr310/2.15.4/jackson-datatype-jsr310-2.15.4.jar:/Users/ogunes/.m2/repository/com/fasterxml/jackson/module/jackson-module-parameter-names/2.15.4/jackson-module-parameter-names-2.15.4.jar:/Users/ogunes/.m2/repository/org/springframework/boot/spring-boot-starter-tomcat/3.2.4/spring-boot-starter-tomcat-3.2.4.jar:/Users/ogunes/.m2/repository/org/apache/tomcat/embed/tomcat-embed-core/10.1.19/tomcat-embed-core-10.1.19.jar:/Users/ogunes/.m2/repository/org/apache/tomcat/embed/tomcat-embed-el/10.1.19/tomcat-embed-el-10.1.19.jar:/Users/ogunes/.m2/repository/org/apache/tomcat/embed/tomcat-embed-websocket/10.1.19/tomcat-embed-websocket-10.1.19.jar:/Users/ogunes/.m2/repository/org/springframework/spring-web/6.1.5/spring-web-6.1.5.jar:/Users/ogunes/.m2/repository/org/springframework/spring-beans/6.1.5/spring-beans-6.1.5.jar:/Users/ogunes/.m2/repository/io/micrometer/micrometer-observation/1.12.4/micrometer-observation-1.12.4.jar:/Users/ogunes/.m2/repository/io/micrometer/micrometer-commons/1.12.4/micrometer-commons-1.12.4.jar:/Users/ogunes/.m2/repository/org/springframework/spring-webmvc/6.1.5/spring-webmvc-6.1.5.jar:/Users/ogunes/.m2/repository/org/springframework/spring-aop/6.1.5/spring-aop-6.1.5.jar:/Users/ogunes/.m2/repository/org/springframework/spring-expression/6.1.5/spring-expression-6.1.5.jar:/Users/ogunes/.m2/repository/org/springframework/restdocs/spring-restdocs-mockmvc/3.0.1/spring-restdocs-mockmvc-3.0.1.jar:/Users/ogunes/.m2/repository/org/springframework/restdocs/spring-restdocs-core/3.0.1/spring-restdocs-core-3.0.1.jar:/Users/ogunes/.m2/repository/jakarta/servlet/jakarta.servlet-api/6.0.0/jakarta.servlet-api-6.0.0.jar:/Users/ogunes/.m2/repository/org/projectlombok/lombok/1.18.30/lombok-1.18.30.jar:/Users/ogunes/.m2/repository/junit/junit/4.13.2/junit-4.13.2.jar:/Users/ogunes/.m2/repository/org/hamcrest/hamcrest-core/2.2/hamcrest-core-2.2.jar:"/>
    <property name="java.vm.vendor" value="Oracle Corporation"/>
    <property name="sun.arch.data.model" value="64"/>
    <property name="java.vendor.url" value="https://java.oracle.com/"/>
    <property name="user.timezone" value="Europe/London"/>
    <property name="os.name" value="Mac OS X"/>
    <property name="java.vm.specification.version" value="21"/>
    <property name="sun.java.launcher" value="SUN_STANDARD"/>
    <property name="user.country" value="GB"/>
    <property name="sun.boot.library.path" value="/Users/ogunes/Library/Java/JavaVirtualMachines/openjdk-21.0.1/Contents/Home/lib"/>
    <property name="sun.java.command" value="/Users/ogunes/Documents/impc-solr-documentation/target/surefire/surefirebooter-20240409145003493_3.jar /Users/ogunes/Documents/impc-solr-documentation/target/surefire 2024-04-09T14-50-03_460-jvmRun1 surefire-20240409145003493_1tmp surefire_0-20240409145003493_2tmp"/>
    <property name="jdk.debug" value="release"/>
    <property name="surefire.test.class.path" value="/Users/ogunes/Documents/impc-solr-documentation/target/test-classes:/Users/ogunes/Documents/impc-solr-documentation/target/classes:/Users/ogunes/.m2/repository/org/springframework/boot/spring-boot-starter/3.2.4/spring-boot-starter-3.2.4.jar:/Users/ogunes/.m2/repository/org/springframework/boot/spring-boot/3.2.4/spring-boot-3.2.4.jar:/Users/ogunes/.m2/repository/org/springframework/spring-context/6.1.5/spring-context-6.1.5.jar:/Users/ogunes/.m2/repository/org/springframework/boot/spring-boot-autoconfigure/3.2.4/spring-boot-autoconfigure-3.2.4.jar:/Users/ogunes/.m2/repository/org/springframework/boot/spring-boot-starter-logging/3.2.4/spring-boot-starter-logging-3.2.4.jar:/Users/ogunes/.m2/repository/ch/qos/logback/logback-classic/1.4.14/logback-classic-1.4.14.jar:/Users/ogunes/.m2/repository/ch/qos/logback/logback-core/1.4.14/logback-core-1.4.14.jar:/Users/ogunes/.m2/repository/org/apache/logging/log4j/log4j-to-slf4j/2.21.1/log4j-to-slf4j-2.21.1.jar:/Users/ogunes/.m2/repository/org/apache/logging/log4j/log4j-api/2.21.1/log4j-api-2.21.1.jar:/Users/ogunes/.m2/repository/org/slf4j/jul-to-slf4j/2.0.12/jul-to-slf4j-2.0.12.jar:/Users/ogunes/.m2/repository/jakarta/annotation/jakarta.annotation-api/2.1.1/jakarta.annotation-api-2.1.1.jar:/Users/ogunes/.m2/repository/org/springframework/spring-core/6.1.5/spring-core-6.1.5.jar:/Users/ogunes/.m2/repository/org/springframework/spring-jcl/6.1.5/spring-jcl-6.1.5.jar:/Users/ogunes/.m2/repository/org/yaml/snakeyaml/2.2/snakeyaml-2.2.jar:/Users/ogunes/.m2/repository/org/springframework/boot/spring-boot-starter-test/3.2.4/spring-boot-starter-test-3.2.4.jar:/Users/ogunes/.m2/repository/org/springframework/boot/spring-boot-test/3.2.4/spring-boot-test-3.2.4.jar:/Users/ogunes/.m2/repository/org/springframework/boot/spring-boot-test-autoconfigure/3.2.4/spring-boot-test-autoconfigure-3.2.4.jar:/Users/ogunes/.m2/repository/com/jayway/jsonpath/json-path/2.9.0/json-path-2.9.0.jar:/Users/ogunes/.m2/repository/org/slf4j/slf4j-api/2.0.12/slf4j-api-2.0.12.jar:/Users/ogunes/.m2/repository/jakarta/xml/bind/jakarta.xml.bind-api/4.0.2/jakarta.xml.bind-api-4.0.2.jar:/Users/ogunes/.m2/repository/jakarta/activation/jakarta.activation-api/2.1.3/jakarta.activation-api-2.1.3.jar:/Users/ogunes/.m2/repository/net/minidev/json-smart/2.5.0/json-smart-2.5.0.jar:/Users/ogunes/.m2/repository/net/minidev/accessors-smart/2.5.0/accessors-smart-2.5.0.jar:/Users/ogunes/.m2/repository/org/ow2/asm/asm/9.3/asm-9.3.jar:/Users/ogunes/.m2/repository/org/assertj/assertj-core/3.24.2/assertj-core-3.24.2.jar:/Users/ogunes/.m2/repository/net/bytebuddy/byte-buddy/1.14.12/byte-buddy-1.14.12.jar:/Users/ogunes/.m2/repository/org/awaitility/awaitility/4.2.0/awaitility-4.2.0.jar:/Users/ogunes/.m2/repository/org/hamcrest/hamcrest/2.2/hamcrest-2.2.jar:/Users/ogunes/.m2/repository/org/junit/jupiter/junit-jupiter/5.10.2/junit-jupiter-5.10.2.jar:/Users/ogunes/.m2/repository/org/junit/jupiter/junit-jupiter-api/5.10.2/junit-jupiter-api-5.10.2.jar:/Users/ogunes/.m2/repository/org/opentest4j/opentest4j/1.3.0/opentest4j-1.3.0.jar:/Users/ogunes/.m2/repository/org/junit/platform/junit-platform-commons/1.10.2/junit-platform-commons-1.10.2.jar:/Users/ogunes/.m2/repository/org/apiguardian/apiguardian-api/1.1.2/apiguardian-api-1.1.2.jar:/Users/ogunes/.m2/repository/org/junit/jupiter/junit-jupiter-params/5.10.2/junit-jupiter-params-5.10.2.jar:/Users/ogunes/.m2/repository/org/junit/jupiter/junit-jupiter-engine/5.10.2/junit-jupiter-engine-5.10.2.jar:/Users/ogunes/.m2/repository/org/junit/platform/junit-platform-engine/1.10.2/junit-platform-engine-1.10.2.jar:/Users/ogunes/.m2/repository/org/mockito/mockito-core/5.7.0/mockito-core-5.7.0.jar:/Users/ogunes/.m2/repository/net/bytebuddy/byte-buddy-agent/1.14.12/byte-buddy-agent-1.14.12.jar:/Users/ogunes/.m2/repository/org/objenesis/objenesis/3.3/objenesis-3.3.jar:/Users/ogunes/.m2/repository/org/mockito/mockito-junit-jupiter/5.7.0/mockito-junit-jupiter-5.7.0.jar:/Users/ogunes/.m2/repository/org/skyscreamer/jsonassert/1.5.1/jsonassert-1.5.1.jar:/Users/ogunes/.m2/repository/com/vaadin/external/google/android-json/0.0.20131108.vaadin1/android-json-0.0.20131108.vaadin1.jar:/Users/ogunes/.m2/repository/org/springframework/spring-test/6.1.5/spring-test-6.1.5.jar:/Users/ogunes/.m2/repository/org/xmlunit/xmlunit-core/2.9.1/xmlunit-core-2.9.1.jar:/Users/ogunes/.m2/repository/org/springframework/boot/spring-boot-starter-web/3.2.4/spring-boot-starter-web-3.2.4.jar:/Users/ogunes/.m2/repository/org/springframework/boot/spring-boot-starter-json/3.2.4/spring-boot-starter-json-3.2.4.jar:/Users/ogunes/.m2/repository/com/fasterxml/jackson/core/jackson-databind/2.15.4/jackson-databind-2.15.4.jar:/Users/ogunes/.m2/repository/com/fasterxml/jackson/core/jackson-annotations/2.15.4/jackson-annotations-2.15.4.jar:/Users/ogunes/.m2/repository/com/fasterxml/jackson/core/jackson-core/2.15.4/jackson-core-2.15.4.jar:/Users/ogunes/.m2/repository/com/fasterxml/jackson/datatype/jackson-datatype-jdk8/2.15.4/jackson-datatype-jdk8-2.15.4.jar:/Users/ogunes/.m2/repository/com/fasterxml/jackson/datatype/jackson-datatype-jsr310/2.15.4/jackson-datatype-jsr310-2.15.4.jar:/Users/ogunes/.m2/repository/com/fasterxml/jackson/module/jackson-module-parameter-names/2.15.4/jackson-module-parameter-names-2.15.4.jar:/Users/ogunes/.m2/repository/org/springframework/boot/spring-boot-starter-tomcat/3.2.4/spring-boot-starter-tomcat-3.2.4.jar:/Users/ogunes/.m2/repository/org/apache/tomcat/embed/tomcat-embed-core/10.1.19/tomcat-embed-core-10.1.19.jar:/Users/ogunes/.m2/repository/org/apache/tomcat/embed/tomcat-embed-el/10.1.19/tomcat-embed-el-10.1.19.jar:/Users/ogunes/.m2/repository/org/apache/tomcat/embed/tomcat-embed-websocket/10.1.19/tomcat-embed-websocket-10.1.19.jar:/Users/ogunes/.m2/repository/org/springframework/spring-web/6.1.5/spring-web-6.1.5.jar:/Users/ogunes/.m2/repository/org/springframework/spring-beans/6.1.5/spring-beans-6.1.5.jar:/Users/ogunes/.m2/repository/io/micrometer/micrometer-observation/1.12.4/micrometer-observation-1.12.4.jar:/Users/ogunes/.m2/repository/io/micrometer/micrometer-commons/1.12.4/micrometer-commons-1.12.4.jar:/Users/ogunes/.m2/repository/org/springframework/spring-webmvc/6.1.5/spring-webmvc-6.1.5.jar:/Users/ogunes/.m2/repository/org/springframework/spring-aop/6.1.5/spring-aop-6.1.5.jar:/Users/ogunes/.m2/repository/org/springframework/spring-expression/6.1.5/spring-expression-6.1.5.jar:/Users/ogunes/.m2/repository/org/springframework/restdocs/spring-restdocs-mockmvc/3.0.1/spring-restdocs-mockmvc-3.0.1.jar:/Users/ogunes/.m2/repository/org/springframework/restdocs/spring-restdocs-core/3.0.1/spring-restdocs-core-3.0.1.jar:/Users/ogunes/.m2/repository/jakarta/servlet/jakarta.servlet-api/6.0.0/jakarta.servlet-api-6.0.0.jar:/Users/ogunes/.m2/repository/org/projectlombok/lombok/1.18.30/lombok-1.18.30.jar:/Users/ogunes/.m2/repository/junit/junit/4.13.2/junit-4.13.2.jar:/Users/ogunes/.m2/repository/org/hamcrest/hamcrest-core/2.2/hamcrest-core-2.2.jar:"/>
    <property name="sun.cpu.endian" value="little"/>
    <property name="user.home" value="/Users/ogunes"/>
    <property name="user.language" value="en"/>
    <property name="java.specification.vendor" value="Oracle Corporation"/>
    <property name="java.version.date" value="2023-10-17"/>
    <property name="java.home" value="/Users/ogunes/Library/Java/JavaVirtualMachines/openjdk-21.0.1/Contents/Home"/>
    <property name="file.separator" value="/"/>
    <property name="basedir" value="/Users/ogunes/Documents/impc-solr-documentation"/>
    <property name="java.vm.compressedOopsMode" value="Zero based"/>
    <property name="line.separator" value="&#10;"/>
    <property name="java.vm.specification.vendor" value="Oracle Corporation"/>
    <property name="java.specification.name" value="Java Platform API Specification"/>
    <property name="FILE_LOG_CHARSET" value="UTF-8"/>
    <property name="java.awt.headless" value="true"/>
    <property name="apple.awt.application.name" value="ForkedBooter"/>
    <property name="surefire.real.class.path" value="/Users/ogunes/Documents/impc-solr-documentation/target/surefire/surefirebooter-20240409145003493_3.jar"/>
    <property name="sun.management.compiler" value="HotSpot 64-Bit Tiered Compilers"/>
    <property name="java.runtime.version" value="21.0.1+12-29"/>
    <property name="user.name" value="ogunes"/>
    <property name="stdout.encoding" value="UTF-8"/>
    <property name="path.separator" value=":"/>
    <property name="os.version" value="14.4.1"/>
    <property name="java.runtime.name" value="OpenJDK Runtime Environment"/>
    <property name="file.encoding" value="UTF-8"/>
    <property name="java.vm.name" value="OpenJDK 64-Bit Server VM"/>
    <property name="localRepository" value="/Users/ogunes/.m2/repository"/>
    <property name="java.vendor.url.bug" value="https://bugreport.java.com/bugreport/"/>
    <property name="java.io.tmpdir" value="/var/folders/v4/mrky_2055bsdb7hc5n9g6hvr0000gp/T/"/>
    <property name="idea.version" value="2023.3.1"/>
    <property name="java.version" value="21.0.1"/>
    <property name="user.dir" value="/Users/ogunes/Documents/impc-solr-documentation"/>
    <property name="os.arch" value="aarch64"/>
    <property name="java.vm.specification.name" value="Java Virtual Machine Specification"/>
    <property name="PID" value="39112"/>
    <property name="CONSOLE_LOG_CHARSET" value="UTF-8"/>
    <property name="native.encoding" value="UTF-8"/>
    <property name="java.library.path" value="/Users/ogunes/Library/Java/Extensions:/Library/Java/Extensions:/Network/Library/Java/Extensions:/System/Library/Java/Extensions:/usr/lib/java:."/>
    <property name="java.vm.info" value="mixed mode, sharing"/>
    <property name="stderr.encoding" value="UTF-8"/>
    <property name="java.vendor" value="Oracle Corporation"/>
    <property name="java.vm.version" value="21.0.1+12-29"/>
    <property name="sun.io.unicode.encoding" value="UnicodeBig"/>
    <property name="java.class.version" value="65.0"/>
  </properties>
  <testcase name="documentEssentialGenes" classname="org.mousephenotype.impcsolrdocumentation.documenTestClases.EssentialGenesDocumentationTest" time="0.045">
    <system-out><![CDATA[2024-04-09T14:50:05.173+01:00  INFO 39112 --- [           main] o.s.b.t.m.w.SpringBootMockServletContext : Initializing Spring TestDispatcherServlet ''
2024-04-09T14:50:05.174+01:00  INFO 39112 --- [           main] o.s.t.web.servlet.TestDispatcherServlet  : Initializing Servlet ''
2024-04-09T14:50:05.174+01:00  INFO 39112 --- [           main] o.s.t.web.servlet.TestDispatcherServlet  : Completed initialization in 0 ms

MockHttpServletRequest:
      HTTP Method = GET
      Request URI = /getEssentialGenesDoc
       Parameters = {}
          Headers = [Content-Type:"application/json"]
             Body = <no character encoding set>
    Session Attrs = {}

Handler:
             Type = org.mousephenotype.impcsolrdocumentation.conroller.DocumentController
           Method = org.mousephenotype.impcsolrdocumentation.conroller.DocumentController#getEssentialGenes()

Async:
    Async started = false
     Async result = null

Resolved Exception:
             Type = null

ModelAndView:
        View name = null
             View = null
            Model = null

FlashMap:
       Attributes = null

MockHttpServletResponse:
           Status = 200
    Error message = null
          Headers = [Content-Type:"application/json"]
     Content type = application/json
             Body = {"ageEntrezAccId":1000000,"ageHumanGeneId":2000000,"ageId":3000000,"ageMeanGeneEffect":1.2,"ageRawDataId":4000000,"cavAlleleAccessionId":"CAV:123456","cavAlleleSymbol":"Cav1","cavCategory":["Category1","Category2"],"clinDate":"2024-04-09T13:50:05.175+00:00","clinHaploinsufficiency":"Low","clinHumanGeneId":5000000,"clinId":6000000,"clinReport":"ClinReport1","clinTriplosensitivity":"High","gnpBrainExpression":"High","gnpCdsLength":9000000,"gnpChromosome":"X","gnpClassicCaf":0.01,"gnpClassicCafAfr":0.02,"gnpClassicCafAmr":0.03,"gnpClassicCafAsj":0.04,"gnpClassicCafEas":0.05,"gnpClassicCafFin":0.06,"gnpClassicCafNfe":0.07,"gnpClassicCafOth":0.08,"gnpClassicCafSas":0.09,"gnpConstraintFlag":"None","gnpDefined":1,"gnpEndPosition":1001000,"gnpExacExpLof":0.1,"gnpExacObsLof":10,"gnpExacOeLof":0.2,"gnpExacPli":0.3,"gnpExpHomLof":0.4,"gnpExpLof":0.5,"gnpExpMis":0.6,"gnpExpMisPphen":0.7,"gnpExpSyn":0.8,"gnpGeneId":"GNP:123456","gnpGeneLength":10000,"gnpGeneSymbol":"Gnp1","gnpGeneType":"Coding","gnpHumanGeneId":1100000,"gnpId":1200000,"gnpLofZ":0.9,"gnpMaxAf":0.01,"gnpMisZ":1.0,"gnpMuLof":1.1,"gnpMuMis":1.2,"gnpMuSyn":1.3,"gnpNSites":100,"gnpNoLofs":10,"gnpNumCodingExons":20,"gnpObsHetLof":5,"gnpObsHomLof":2,"gnpObsLof":null,"gnpObsMis":30,"gnpObsMisPphen":15,"gnpObsSyn":25,"gnpOeLof":1.4,"gnpOeLofLower":1.2,"gnpOeLofUpper":1.6,"gnpOeLofUpperBin":100,"gnpOeLofUpperBin6":60,"gnpOeLofUpperRank":50,"gnpOeMis":1.5,"gnpOeMisLower":1.3,"gnpOeMisPphen":1.7,"gnpOeMisUpper":1.8,"gnpOeSyn":1.9,"gnpOeSynLower":1.7,"gnpOeSynUpper":2.0,"gnpP":0.01,"gnpPAfr":0.02,"gnpPAmr":0.03,"gnpPAsj":0.04,"gnpPEas":0.05,"gnpPFin":0.06,"gnpPNfe":0.07,"gnpPOth":0.08,"gnpPSas":0.09,"gnpPli":2.1,"gnpPnull":2.2,"gnpPossibleLof":40,"gnpPossibleMis":50,"gnpPossibleMisPphen":25,"gnpPossibleSyn":35,"gnpPrec":2.3,"gnpStartPosition":999000,"gnpSynZ":2.4,"gnpTranscript":"Transcript1","gnpTranscriptLevel":1,"gnpTranscriptType":"mRNA","hgEnsemblGeneAccId":"ENSG00000123456","hgEntrezGeneAccId":1000001,"hgHgncAccId":"HGNC:123","hgId":1000002,"hgName":"Human Gene 1","hgSymbol":"HG1","hgncAgrAccId":"AGR:123456789","hgncAliasName":"HG1 Alias","hgncAliasSymbol":"HGA1","hgncBioparadigmsSlc":"SLC:12345","hgncCcdsAccId":"CCDS12345","hgncCd":"CD12345","hgncCosmic":"COSM123456","hgncDateApprovedReserved":"2020-01-01T00:00:00.000+00:00","hgncDateModified":"2021-01-01T00:00:00.000+00:00","hgncDateNameChanged":"2022-01-01T00:00:00.000+00:00","hgncDateSymbolChanged":"2023-01-01T00:00:00.000+00:00","hgncEna":"ENA12345","hgncEnsemblGeneAccId":"ENSG00000123457","hgncEntrezAccId":1000003,"hgncEnzymeAccId":"EC:3.1.3.1","hgncGencc":"GenCC12345","hgncGeneGroup":"Gene Group 1","hgncGeneGroupAccId":"GGAI:12345","hgncGtrnadb":"gtrnaDB12345","hgncHgncAccId":"HGNC:123","hgncHomeodb":1000004,"hgncHordeAccId":"HordeID12345","hgncHumanGeneId":1000005,"hgncId":1000006,"hgncImgt":"IMGT12345","hgncIntermediateFilamentDb":"IFDB12345","hgncIuphar":"IUPHAR12345","hgncKznfGeneCatalog":1000007,"hgncLncipedia":"Lncipedia12345","hgncLncrnadb":"lncRNAdb12345","hgncLocation":"1q23.3","hgncLocationSortable":"01q23.3","hgncLocusGroup":"protein-coding gene","hgncLocusType":"gene with protein product","hgncLsdb":"LSDB12345","hgncMamitTrnadb":1000008,"hgncManeSelect":"MANE.Select.v7.2","hgncMerops":"MEROPS12345","hgncMgiGeneAccId":"MGI:1234567","hgncMirbase":"miRBase:MI0001234","hgncName":"Gene Name 1","hgncOmimAccId":"OMIM:123456","hgncOrphanet":1000009,"hgncPrevName":"Previous Name 1","hgncPrevSymbol":"PrevSym1","hgncPseudogeneOrg":"Pseudogene.org12345","hgncPubmedAccId":"PubMed:12345678","hgncRefseqAccession":"RefSeq:NM_000123","hgncRgdAccId":"RGD:123456","hgncRnaCentralAccIds":"RNAcentral:URS000075B7B7_9606","hgncSnornabase":"snoRNABase:SNORD1234","hgncStatus":"Approved","hgncSymbol":"HGNC1","hgncUcscAccId":"UCSC:uc001abc.123","hgncUniprotAccIds":"UniProt:P12345","hgncVegaAccId":"VEGA:OTTHUMG00000123456","hgsSynonyms":["Synonym1","Synonym2"],"id":"ID1","idgFamily":"IDG Family 1","idgHumanGeneId":1000010,"idgId":1000011,"mgEnsemblChromosome":"1","mgEnsemblGeneAccId":"ENSMUSG00000012345","mgEnsemblStart":100000,"mgEnsemblStop":200000,"mgEnsemblStrand":"+","mgEntrezGeneAccId":1000012,"mgGenomeBuild":"GRCm38","mgId":1000013,"mgMgiChromosome":"1","mgMgiCm":"23.5","mgMgiGeneAccId":"MGI:12345678","mgMgiStart":150000,"mgMgiStop":250000,"mgMgiStrand":"-","mgName":"Mouse Gene 1","mgNcbiChromosome":"1","mgNcbiStart":110000,"mgNcbiStop":210000,"mgNcbiStrand":"+","mgSubtype":"Subtype1","mgSymbol":"Mg1","mgType":"Protein-coding","mgsSynonyms":["MgsSyn1","MgsSyn2"],"pharosChr":"1","pharosFamily":"Pharos Family 1","pharosHumanGeneId":5000010,"pharosId":6000010,"pharosName":"Pharos Gene 1","pharosSymbol":"Pharos1","pharosTdl":"TDL1","pharosUniprotAccId":"UniProt:P00001","fid":7000000,"oid":3000010,"ocategory":"Orthology Category 1","osupport":"High","osupportRaw":"RawSupportData1","fbin":"Fbin1","fbinCode":"Fcode1","forthologId":8000000,"ohumanGeneId":2000010,"oisMaxHumanToMouse":"Yes","oisMaxMouseToHuman":"Yes","omouseGeneId":4000010,"osupportCount":5}
    Forwarded URL = null
   Redirected URL = null
          Cookies = []
]]></system-out>
  </testcase>
</testsuite>